<?xml version="1.0" encoding="UTF-8"?>
<testng-results ignored="0" total="2" passed="2" failed="0" skipped="0">
  <reporter-output>
  </reporter-output>
  <suite started-at="2025-07-23T10:26:43 WIB" name="Swaglabs eCommerce Suite" finished-at="2025-07-23T10:26:57 WIB" duration-ms="13640">
    <groups>
    </groups>
    <test started-at="2025-07-23T10:26:43 WIB" name="Inventory or Product Test" finished-at="2025-07-23T10:26:57 WIB" duration-ms="13640">
      <class name="com.juaracoding.ecom.DragDropTest">
        <test-method signature="dragElementTest()[pri:0, instance:com.juaracoding.ecom.DragDropTest@6a28ffa4]" started-at="2025-07-23T10:26:43 WIB" name="dragElementTest" finished-at="2025-07-23T10:26:53 WIB" duration-ms="10285" status="PASS">
          <reporter-output>
          </reporter-output>
        </test-method> <!-- dragElementTest -->
        <test-method signature="resizeElementTest()[pri:0, instance:com.juaracoding.ecom.DragDropTest@6a28ffa4]" started-at="2025-07-23T10:26:53 WIB" name="resizeElementTest" finished-at="2025-07-23T10:26:57 WIB" duration-ms="3328" status="PASS">
          <reporter-output>
          </reporter-output>
        </test-method> <!-- resizeElementTest -->
      </class> <!-- com.juaracoding.ecom.DragDropTest -->
    </test> <!-- Inventory or Product Test -->
  </suite> <!-- Swaglabs eCommerce Suite -->
</testng-results>
