<?xml version="1.0" encoding="UTF-8"?>
<testng-results ignored="0" total="1" passed="1" failed="0" skipped="0">
  <reporter-output>
  </reporter-output>
  <suite started-at="2025-07-26T19:30:19 WIB" name="Swaglabs eCommerce Suite" finished-at="2025-07-26T19:30:50 WIB" duration-ms="31058">
    <groups>
    </groups>
    <test started-at="2025-07-26T19:30:19 WIB" name="Automation Test" finished-at="2025-07-26T19:30:50 WIB" duration-ms="31058">
      <class name="com.juaracoding.ecom.InventoryTest">
        <test-method is-config="true" signature="setup(java.lang.String,java.lang.String,java.lang.String)[pri:0, instance:com.juaracoding.ecom.InventoryTest@3911c2a7]" started-at="2025-07-26T19:30:19 WIB" name="setup" finished-at="2025-07-26T19:30:45 WIB" duration-ms="26573" status="PASS">
          <params>
            <param index="0">
              <value>
                <![CDATA[https://www.saucedemo.com/v1/index.html]]>
              </value>
            </param>
            <param index="1">
              <value>
                <![CDATA[standard_user]]>
              </value>
            </param>
            <param index="2">
              <value>
                <![CDATA[secret_sauce]]>
              </value>
            </param>
          </params>
          <reporter-output>
          </reporter-output>
        </test-method> <!-- setup -->
        <test-method signature="testAddItems()[pri:0, instance:com.juaracoding.ecom.InventoryTest@3911c2a7]" started-at="2025-07-26T19:30:45 WIB" name="testAddItems" finished-at="2025-07-26T19:30:45 WIB" duration-ms="100" status="PASS">
          <reporter-output>
          </reporter-output>
        </test-method> <!-- testAddItems -->
        <test-method is-config="true" signature="teardown()[pri:0, instance:com.juaracoding.ecom.InventoryTest@3911c2a7]" started-at="2025-07-26T19:30:45 WIB" name="teardown" finished-at="2025-07-26T19:30:50 WIB" duration-ms="4358" status="PASS">
          <reporter-output>
          </reporter-output>
        </test-method> <!-- teardown -->
      </class> <!-- com.juaracoding.ecom.InventoryTest -->
    </test> <!-- Automation Test -->
  </suite> <!-- Swaglabs eCommerce Suite -->
</testng-results>
