<?xml version="1.0" encoding="UTF-8"?>
<!-- Generated by org.testng.reporters.JUnitXMLReporter -->
<testsuite ignored="0" hostname="Rudini" failures="0" tests="2" name="Inventory or Product Test" time="13.64" errors="0" timestamp="2025-07-23T10:26:57 WIB">
  <testcase classname="com.juaracoding.ecom.DragDropTest" name="dragElementTest" time="10.285"/>
  <testcase classname="com.juaracoding.ecom.DragDropTest" name="resizeElementTest" time="3.328"/>
</testsuite> <!-- Inventory or Product Test -->
